=== GitHub自動プッシュ監視を開始します ===
監視条件: 平日 09:00〜15:30 (祝日除く)
監視対象: screenshots/ (間隔: 300秒)
[2026-02-13 13:49:39] 変更を検知しました。プッシュを実行します...
[main 6d7b51c] Update charts: 2026-02-13 13:49:39
 30 files changed, 45 insertions(+), 45 deletions(-)
 rewrite screenshots/1618_daily.png (99%)
 rewrite screenshots/1618_intraday.png (99%)
 rewrite screenshots/1619_daily.png (95%)
 rewrite screenshots/1619_intraday.png (99%)
 rewrite screenshots/1620_daily.png (99%)
 rewrite screenshots/1620_intraday.png (99%)
 rewrite screenshots/1621_daily.png (99%)
 rewrite screenshots/1621_intraday.png (98%)
 rewrite screenshots/1622_daily.png (99%)
 rewrite screenshots/1622_intraday.png (99%)
 rewrite screenshots/1623_daily.png (99%)
 rewrite screenshots/1623_intraday.png (99%)
 rewrite screenshots/1624_daily.png (99%)
 rewrite screenshots/1624_intraday.png (99%)
 rewrite screenshots/1625_daily.png (98%)
 rewrite screenshots/1625_intraday.png (99%)
 rewrite screenshots/1626_daily.png (99%)
 rewrite screenshots/1626_intraday.png (99%)
 rewrite screenshots/1627_daily.png (99%)
 rewrite screenshots/1627_intraday.png (99%)
 rewrite screenshots/1629_daily.png (99%)
 rewrite screenshots/1629_intraday.png (99%)
 rewrite screenshots/1630_daily.png (99%)
 rewrite screenshots/1630_intraday.png (98%)
 rewrite screenshots/1631_daily.png (98%)
 rewrite screenshots/1631_intraday.png (99%)
 rewrite screenshots/1632_daily.png (98%)
 rewrite screenshots/1632_intraday.png (99%)
 rewrite screenshots/1633_intraday.png (99%)
To https://github.com/nasugadeta/topix17-monitor.git
   6e72a4a..6d7b51c  main -> main
[2026-02-13 13:49:39] プッシュ成功！
[2026-02-13 13:54:43] 変更を検知しました。プッシュを実行します...
[main c656698] Update charts: 2026-02-13 13:54:43
 21 files changed, 32 insertions(+), 32 deletions(-)
 rewrite screenshots/1617_daily.png (99%)
 rewrite screenshots/1617_intraday.png (99%)
 rewrite screenshots/1618_daily.png (99%)
 rewrite screenshots/1618_intraday.png (99%)
 rewrite screenshots/1619_daily.png (99%)
 rewrite screenshots/1619_intraday.png (99%)
 rewrite screenshots/1621_daily.png (98%)
 rewrite screenshots/1621_intraday.png (99%)
 rewrite screenshots/1623_daily.png (98%)
 rewrite screenshots/1623_intraday.png (99%)
 rewrite screenshots/1624_daily.png (99%)
 rewrite screenshots/1624_intraday.png (99%)
 rewrite screenshots/1629_daily.png (99%)
 rewrite screenshots/1629_intraday.png (99%)
 rewrite screenshots/1631_daily.png (99%)
 rewrite screenshots/1631_intraday.png (99%)
 rewrite screenshots/1632_daily.png (98%)
 rewrite screenshots/1632_intraday.png (99%)
 rewrite screenshots/1633_daily.png (98%)
 rewrite screenshots/1633_intraday.png (98%)
To https://github.com/nasugadeta/topix17-monitor.git
   6d7b51c..c656698  main -> main
[2026-02-13 13:54:43] プッシュ成功！
[2026-02-13 13:59:46] 変更を検知しました。プッシュを実行します...
[main d6f1a6c] Update charts: 2026-02-13 13:59:46
 17 files changed, 26 insertions(+), 26 deletions(-)
 rewrite screenshots/1618_daily.png (99%)
 rewrite screenshots/1618_intraday.png (99%)
 rewrite screenshots/1619_daily.png (96%)
 rewrite screenshots/1619_intraday.png (99%)
 rewrite screenshots/1621_daily.png (95%)
 rewrite screenshots/1621_intraday.png (99%)
 rewrite screenshots/1623_daily.png (99%)
 rewrite screenshots/1623_intraday.png (99%)
 rewrite screenshots/1626_daily.png (99%)
 rewrite screenshots/1626_intraday.png (99%)
 rewrite screenshots/1627_daily.png (99%)
 rewrite screenshots/1627_intraday.png (97%)
 rewrite screenshots/1629_daily.png (99%)
 rewrite screenshots/1629_intraday.png (99%)
 rewrite screenshots/1631_daily.png (99%)
 rewrite screenshots/1631_intraday.png (99%)
To https://github.com/nasugadeta/topix17-monitor.git
   c656698..d6f1a6c  main -> main
[2026-02-13 13:59:46] プッシュ成功！
[2026-02-13 14:04:49] 変更を検知しました。プッシュを実行します...
[main 629ffc7] Update charts: 2026-02-13 14:04:49
 13 files changed, 18 insertions(+), 18 deletions(-)
 rewrite screenshots/1618_daily.png (98%)
 rewrite screenshots/1618_intraday.png (99%)
 rewrite screenshots/1621_daily.png (98%)
 rewrite screenshots/1621_intraday.png (98%)
 rewrite screenshots/1623_daily.png (99%)
 rewrite screenshots/1623_intraday.png (98%)
 rewrite screenshots/1625_daily.png (99%)
 rewrite screenshots/1625_intraday.png (99%)
 rewrite screenshots/1626_daily.png (99%)
 rewrite screenshots/1626_intraday.png (99%)
 rewrite screenshots/1627_daily.png (99%)
 rewrite screenshots/1627_intraday.png (98%)
To https://github.com/nasugadeta/topix17-monitor.git
   d6f1a6c..629ffc7  main -> main
[2026-02-13 14:04:49] プッシュ成功！
