2026-02-13 15:06:19 [INFO] === TOPIX-17業種 ETFチャート スクレイパー 起動 ===
2026-02-13 15:06:21 [INFO] [1617] 食品 - アクセス中...
2026-02-13 15:06:27 [INFO] [1617] 食品 - 保存完了 | +300 (+0.66%)
2026-02-13 15:06:31 [INFO] [1618] エネルギー資源 - アクセス中...
2026-02-13 15:06:36 [INFO] [1618] エネルギー資源 - 保存完了 | -2,920 (-7.56%)
2026-02-13 15:06:39 [INFO] [1619] 建設・資材 - アクセス中...
2026-02-13 15:06:46 [INFO] [1619] 建設・資材 - 保存完了 | -1,910 (-3.67%)
2026-02-13 15:06:50 [INFO] [1620] 素材・化学 - アクセス中...
2026-02-13 15:06:55 [INFO] [1620] 素材・化学 - 保存完了 | -370 (-1.04%)
2026-02-13 15:07:00 [INFO] [1621] 医薬品 - アクセス中...
2026-02-13 15:07:05 [INFO] [1621] 医薬品 - 保存完了 | +270 (+0.84%)
2026-02-13 15:07:10 [INFO] [1622] 自動車・輸送機 - アクセス中...
2026-02-13 15:07:15 [INFO] [1622] 自動車・輸送機 - 保存完了 | +580 (+1.47%)
2026-02-13 15:07:19 [INFO] [1623] 鉄鋼・非鉄 - アクセス中...
2026-02-13 15:07:24 [INFO] [1623] 鉄鋼・非鉄 - 保存完了 | -3,130 (-5.14%)
2026-02-13 15:07:28 [INFO] [1624] 機械 - アクセス中...
2026-02-13 15:07:34 [INFO] [1624] 機械 - 保存完了 | -820 (-0.86%)
2026-02-13 15:07:39 [INFO] [1625] 電機・精密 - アクセス中...
2026-02-13 15:07:44 [INFO] [1625] 電機・精密 - 保存完了 | -910 (-1.69%)
2026-02-13 15:07:49 [INFO] [1626] 情報通信・サービスその他 - アクセス中...
2026-02-13 15:07:54 [INFO] [1626] 情報通信・サービスその他 - 保存完了 | -1,360 (-3.38%)
2026-02-13 15:08:00 [INFO] [1627] 電力・ガス - アクセス中...
2026-02-13 15:08:05 [INFO] [1627] 電力・ガス - 保存完了 | -110 (-0.84%)
2026-02-13 15:08:11 [INFO] [1628] 運輸・物流 - アクセス中...
2026-02-13 15:08:17 [INFO] [1628] 運輸・物流 - 保存完了 | -125 (-0.56%)
2026-02-13 15:08:20 [INFO] [1629] 商社・卸売 - アクセス中...
2026-02-13 15:08:25 [INFO] [1629] 商社・卸売 - 保存完了 | -1,650 (-1.15%)
2026-02-13 15:08:30 [INFO] [1630] 小売 - アクセス中...
2026-02-13 15:08:36 [INFO] [1630] 小売 - 保存完了 | -80 (-0.20%)
2026-02-13 15:08:39 [INFO] [1631] 銀行 - アクセス中...
2026-02-13 15:08:45 [INFO] [1631] 銀行 - 保存完了 | -820 (-2.24%)
2026-02-13 15:08:48 [INFO] [1632] 金融（除く銀行） - アクセス中...
2026-02-13 15:08:54 [INFO] [1632] 金融（除く銀行） - 保存完了 | -190 (-0.50%)
2026-02-13 15:08:58 [INFO] [1633] 不動産 - アクセス中...
2026-02-13 15:09:04 [INFO] [1633] 不動産 - 保存完了 | -1,960 (-3.03%)
2026-02-13 15:09:04 [INFO] スクレイピング完了: 17/17 業種成功
2026-02-13 15:09:04 [INFO] 1サイクル完了 (165.2秒)
2026-02-13 15:09:04 [INFO] 次の更新まで 135秒 待機...
2026-02-13 15:11:21 [INFO] [1617] 食品 - アクセス中...
2026-02-13 15:11:27 [INFO] [1617] 食品 - 保存完了 | +300 (+0.66%)
2026-02-13 15:11:33 [INFO] [1618] エネルギー資源 - アクセス中...
2026-02-13 15:11:39 [INFO] [1618] エネルギー資源 - 保存完了 | -2,940 (-7.61%)
2026-02-13 15:11:43 [INFO] [1619] 建設・資材 - アクセス中...
2026-02-13 15:11:49 [INFO] [1619] 建設・資材 - 保存完了 | -1,820 (-3.50%)
2026-02-13 15:11:54 [INFO] [1620] 素材・化学 - アクセス中...
2026-02-13 15:12:00 [INFO] [1620] 素材・化学 - 保存完了 | -420 (-1.18%)
2026-02-13 15:12:06 [INFO] [1621] 医薬品 - アクセス中...
2026-02-13 15:12:11 [INFO] [1621] 医薬品 - 保存完了 | +320 (+0.99%)
2026-02-13 15:12:17 [INFO] [1622] 自動車・輸送機 - アクセス中...
2026-02-13 15:12:23 [INFO] [1622] 自動車・輸送機 - 保存完了 | +650 (+1.65%)
2026-02-13 15:12:27 [INFO] [1623] 鉄鋼・非鉄 - アクセス中...
2026-02-13 15:12:32 [INFO] [1623] 鉄鋼・非鉄 - 保存完了 | -3,120 (-5.13%)
2026-02-13 15:12:38 [INFO] [1624] 機械 - アクセス中...
2026-02-13 15:12:43 [INFO] [1624] 機械 - 保存完了 | -570 (-0.60%)
2026-02-13 15:12:46 [INFO] [1625] 電機・精密 - アクセス中...
2026-02-13 15:12:52 [INFO] [1625] 電機・精密 - 保存完了 | -880 (-1.63%)
2026-02-13 15:12:56 [INFO] [1626] 情報通信・サービスその他 - アクセス中...
2026-02-13 15:13:01 [INFO] [1626] 情報通信・サービスその他 - 保存完了 | -1,430 (-3.56%)
2026-02-13 15:13:07 [INFO] [1627] 電力・ガス - アクセス中...
2026-02-13 15:13:12 [INFO] [1627] 電力・ガス - 保存完了 | -140 (-1.06%)
2026-02-13 15:13:17 [INFO] [1628] 運輸・物流 - アクセス中...
2026-02-13 15:13:22 [INFO] [1628] 運輸・物流 - 保存完了 | -125 (-0.56%)
2026-02-13 15:13:27 [INFO] [1629] 商社・卸売 - アクセス中...
2026-02-13 15:13:33 [INFO] [1629] 商社・卸売 - 保存完了 | -1,900 (-1.32%)
2026-02-13 15:13:39 [INFO] [1630] 小売 - アクセス中...
2026-02-13 15:13:44 [INFO] [1630] 小売 - 保存完了 | -10 (-0.02%)
2026-02-13 15:13:49 [INFO] [1631] 銀行 - アクセス中...
2026-02-13 15:13:54 [INFO] [1631] 銀行 - 保存完了 | -820 (-2.24%)
2026-02-13 15:13:59 [INFO] [1632] 金融（除く銀行） - アクセス中...
2026-02-13 15:14:05 [INFO] [1632] 金融（除く銀行） - 保存完了 | -190 (-0.50%)
2026-02-13 15:14:10 [INFO] [1633] 不動産 - アクセス中...
2026-02-13 15:14:16 [INFO] [1633] 不動産 - 保存完了 | -2,010 (-3.11%)
2026-02-13 15:14:16 [INFO] スクレイピング完了: 17/17 業種成功
2026-02-13 15:14:16 [INFO] 1サイクル完了 (177.2秒)
2026-02-13 15:14:16 [INFO] 次の更新まで 123秒 待機...
2026-02-13 15:16:21 [INFO] [1617] 食品 - アクセス中...
2026-02-13 15:16:27 [INFO] [1617] 食品 - 保存完了 | +300 (+0.66%)
2026-02-13 15:16:33 [INFO] [1618] エネルギー資源 - アクセス中...
2026-02-13 15:16:39 [INFO] [1618] エネルギー資源 - 保存完了 | -3,060 (-7.92%)
2026-02-13 15:16:44 [INFO] [1619] 建設・資材 - アクセス中...
2026-02-13 15:16:49 [INFO] [1619] 建設・資材 - 保存完了 | -1,810 (-3.48%)
2026-02-13 15:16:54 [INFO] [1620] 素材・化学 - アクセス中...
2026-02-13 15:16:59 [INFO] [1620] 素材・化学 - 保存完了 | -370 (-1.04%)
2026-02-13 15:17:05 [INFO] [1621] 医薬品 - アクセス中...
2026-02-13 15:17:10 [INFO] [1621] 医薬品 - 保存完了 | +320 (+0.99%)
2026-02-13 15:17:15 [INFO] [1622] 自動車・輸送機 - アクセス中...
2026-02-13 15:17:20 [INFO] [1622] 自動車・輸送機 - 保存完了 | +650 (+1.65%)
2026-02-13 15:17:25 [INFO] [1623] 鉄鋼・非鉄 - アクセス中...
2026-02-13 15:17:31 [INFO] [1623] 鉄鋼・非鉄 - 保存完了 | -3,250 (-5.34%)
2026-02-13 15:17:36 [INFO] [1624] 機械 - アクセス中...
2026-02-13 15:17:42 [INFO] [1624] 機械 - 保存完了 | -590 (-0.62%)
2026-02-13 15:17:46 [INFO] [1625] 電機・精密 - アクセス中...
2026-02-13 15:17:51 [INFO] [1625] 電機・精密 - 保存完了 | -880 (-1.63%)
2026-02-13 15:17:55 [INFO] [1626] 情報通信・サービスその他 - アクセス中...
2026-02-13 15:18:01 [INFO] [1626] 情報通信・サービスその他 - 保存完了 | -1,430 (-3.56%)
2026-02-13 15:18:06 [INFO] [1627] 電力・ガス - アクセス中...
2026-02-13 15:18:12 [INFO] [1627] 電力・ガス - 保存完了 | -140 (-1.06%)
2026-02-13 15:18:18 [INFO] [1628] 運輸・物流 - アクセス中...
2026-02-13 15:18:22 [INFO] [1628] 運輸・物流 - 保存完了 | -125 (-0.56%)
2026-02-13 15:18:26 [INFO] [1629] 商社・卸売 - アクセス中...
2026-02-13 15:18:30 [INFO] [1629] 商社・卸売 - 保存完了 | -1,850 (-1.29%)
2026-02-13 15:18:34 [INFO] [1630] 小売 - アクセス中...
2026-02-13 15:18:39 [INFO] [1630] 小売 - 保存完了 | +30 (+0.07%)
2026-02-13 15:18:43 [INFO] [1631] 銀行 - アクセス中...
2026-02-13 15:18:48 [INFO] [1631] 銀行 - 保存完了 | -810 (-2.21%)
2026-02-13 15:18:52 [INFO] [1632] 金融（除く銀行） - アクセス中...
2026-02-13 15:18:58 [INFO] [1632] 金融（除く銀行） - 保存完了 | -290 (-0.76%)
2026-02-13 15:19:02 [INFO] [1633] 不動産 - アクセス中...
2026-02-13 15:19:08 [INFO] [1633] 不動産 - 保存完了 | -2,000 (-3.10%)
2026-02-13 15:19:08 [INFO] スクレイピング完了: 17/17 業種成功
2026-02-13 15:19:08 [INFO] 1サイクル完了 (169.1秒)
2026-02-13 15:19:08 [INFO] 次の更新まで 131秒 待機...
2026-02-13 15:21:21 [INFO] [1617] 食品 - アクセス中...
2026-02-13 15:21:27 [INFO] [1617] 食品 - 保存完了 | +380 (+0.83%)
